<?xml version="1.0" encoding="UTF-8"?>
<!-- Generated by org.testng.reporters.JUnitReportReporter -->
<testsuite hostname="DESKTOP-57P1JI0" name="Report_Package.Report_Runner" tests="2" failures="0" timestamp="18 Sep 2020 06:40:41 GMT" time="28.333" errors="0">
  <testcase name="feature" time="15.721" classname="Report_Package.Report_Runner"/>
  <testcase name="feature" time="12.612" classname="Report_Package.Report_Runner"/>
</testsuite> <!-- Report_Package.Report_Runner -->
